<?xml version="1.0" encoding="UTF-8"?>
<!-- Generated by org.testng.reporters.JUnitXMLReporter -->
<testsuite hostname="DESKTOP-3SJIT6V" ignored="0" name="Default test" tests="5" failures="0" timestamp="19 Mar 2019 08:04:16 GMT" time="65.032" errors="0">
  <testcase name="Test2" time="0.008" classname="TestNg_Basics.GoogleTest"/>
  <testcase name="Button" time="0.119" classname="TestNg_Basics.GoogleTest"/>
  <testcase name="Text" time="0.271" classname="TestNg_Basics.GoogleTest"/>
  <testcase name="Test1" time="0.002" classname="TestNg_Basics.GoogleTest"/>
  <testcase name="LaunchUrl" time="0.011" classname="TestNg_Basics.GoogleTest"/>
</testsuite> <!-- Default test -->
