<?xml version="1.0" encoding="UTF-8"?>
<!-- Generated by org.testng.reporters.JUnitXMLReporter -->
<testsuite hostname="DESKTOP-3SJIT6V" ignored="0" name="Learning TestNg" tests="14" failures="1" timestamp="19 Mar 2019 06:03:41 GMT" time="0.121" errors="0">
  <testcase name="login" time="0.015" classname="TestNg_Basics.TestNgFeatures">
    <failure type="java.lang.ArithmeticException" message="/ by zero">
      <![CDATA[java.lang.ArithmeticException: / by zero
at TestNg_Basics.TestNgFeatures.login(TestNgFeatures.java:10)
... Removed 25 stack frames]]>
    </failure>
  </testcase> <!-- login -->
  <testcase name="search" time="0.0" classname="TestNg_Basics.TestNgFeatures">
    <skipped/>
  </testcase> <!-- search -->
  <testcase name="Dashboard" time="0.015" classname="TestNg_Basics.TestNg_Basics"/>
  <testcase name="Searchtext" time="0.0" classname="TestNg_Basics.TestNg_Basics">
    <skipped/>
  </testcase> <!-- Searchtext -->
  <testcase name="count" time="0.0" classname="TestNg_Basics.InvocationCount"/>
  <testcase name="count" time="0.002" classname="TestNg_Basics.InvocationCount"/>
  <testcase name="count" time="0.001" classname="TestNg_Basics.InvocationCount"/>
  <testcase name="count" time="0.0" classname="TestNg_Basics.InvocationCount"/>
  <testcase name="count" time="0.0" classname="TestNg_Basics.InvocationCount"/>
  <testcase name="count" time="0.0" classname="TestNg_Basics.InvocationCount"/>
  <testcase name="count" time="0.015" classname="TestNg_Basics.InvocationCount"/>
  <testcase name="count" time="0.0" classname="TestNg_Basics.InvocationCount"/>
  <testcase name="count" time="0.0" classname="TestNg_Basics.InvocationCount"/>
  <testcase name="count" time="0.0" classname="TestNg_Basics.InvocationCount"/>
</testsuite> <!-- Learning TestNg -->
